Build started 10/19/2014 2:50:42 PM.
     1>Project "C:\Users\Alex\Documents\Visual Studio 2013\Projects\Assignment1\Assignment1\Assignment1.vcxproj" on node 2 (Build target(s)).
     1>ClCompile:
         C:\Program Files (x86)\Microsoft Visual Studio 12.0\VC\bin\CL.exe /c /ZI /nologo /W3 /WX- /sdl /Od /Oy- /D WIN32 /D _DEBUG /D _CONSOLE /D _LIB /D _UNICODE /D UNICODE /Gm /EHsc /RTC1 /MDd /GS /fp:precise /Zc:wchar_t /Zc:forScope /Fo"Debug\\" /Fd"Debug\vc120.pdb" /Gd /TP /analyze- /errorReport:prompt Creep.cpp Map.cpp Tower.cpp main.cpp
         Tower.cpp
         Generating Code...
         Compiling...
         Map.cpp
         Creep.cpp
         Generating Code...
         Skipping... (no relevant changes detected)
         main.cpp
       Link:
         C:\Program Files (x86)\Microsoft Visual Studio 12.0\VC\bin\link.exe /ERRORREPORT:PROMPT /OUT:"C:\Users\Alex\Documents\Visual Studio 2013\Projects\Assignment1\Debug\Assignment1.exe" /INCREMENTAL /NOLOGO kernel32.lib user32.lib gdi32.lib winspool.lib comdlg32.lib advapi32.lib shell32.lib ole32.lib oleaut32.lib uuid.lib odbc32.lib odbccp32.lib /MANIFEST /MANIFESTUAC:"level='asInvoker' uiAccess='false'" /manifest:embed /DEBUG /PDB:"C:\Users\Alex\Documents\Visual Studio 2013\Projects\Assignment1\Debug\Assignment1.pdb" /SUBSYSTEM:CONSOLE /TLBID:1 /DYNAMICBASE /NXCOMPAT /IMPLIB:"C:\Users\Alex\Documents\Visual Studio 2013\Projects\Assignment1\Debug\Assignment1.lib" /MACHINE:X86 Debug\Creep.obj
         Debug\main.obj
         Debug\Map.obj
         Debug\Tower.obj
         Assignment1.vcxproj -> C:\Users\Alex\Documents\Visual Studio 2013\Projects\Assignment1\Debug\Assignment1.exe
     1>Done Building Project "C:\Users\Alex\Documents\Visual Studio 2013\Projects\Assignment1\Assignment1\Assignment1.vcxproj" (Build target(s)).

Build succeeded.

Time Elapsed 00:00:01.37
